{
  "RSpec": {
    "coverage": {
      "/Users/salemA/Desktop/ruby/169_One/hw-bdd-tdd-cycle/rottenpotatoes/app/helpers/application_helper.rb": [
        1,
        null
      ],
      "/Users/salemA/Desktop/ruby/169_One/hw-bdd-tdd-cycle/rottenpotatoes/app/helpers/movies_helper.rb": [
        1,
        null,
        1,
        0,
        null,
        null
      ],
      "/Users/salemA/Desktop/ruby/169_One/hw-bdd-tdd-cycle/rottenpotatoes/app/controllers/movies_controller.rb": [
        1,
        null,
        1,
        0,
        null,
        null,
        1,
        0,
        0,
        null,
        null,
        null,
        1,
        0,
        0,
        null,
        0,
        null,
        0,
        null,
        0,
        0,
        null,
        0,
        0,
        null,
        null,
        0,
        0,
        0,
        0,
        null,
        0,
        null,
        null,
        1,
        null,
        null,
        null,
        1,
        3,
        3,
        3,
        null,
        null,
        1,
        0,
        0,
        0,
        null,
        null,
        1,
        0,
        null,
        null,
        1,
        0,
        0,
        0,
        0,
        null,
        null,
        1,
        0,
        0,
        0,
        0,
        null,
        null,
        null
      ],
      "/Users/salemA/Desktop/ruby/169_One/hw-bdd-tdd-cycle/rottenpotatoes/app/controllers/application_controller.rb": [
        1,
        1,
        null
      ],
      "/Users/salemA/Desktop/ruby/169_One/hw-bdd-tdd-cycle/rottenpotatoes/app/models/movie.rb": [
        1,
        null,
        1,
        6,
        null,
        null,
        1,
        0,
        null,
        null,
        null,
        null
      ]
    },
    "timestamp": 1449046991
  }
}
